<?xml version="1.0" encoding="UTF-8"?>
<testsuite name="rodCutting.DuplicateRemoverTest" tests="2" skipped="0" failures="0" errors="0" timestamp="2016-10-29T04:19:19" hostname="Anudeep" time="0.002">
  <properties/>
  <testcase name="callDuplicateRemoverClose" classname="rodCutting.DuplicateRemoverTest" time="0.001"/>
  <testcase name="testDuplicateRemover" classname="rodCutting.DuplicateRemoverTest" time="0.0"/>
  <system-out><![CDATA[]]></system-out>
  <system-err><![CDATA[]]></system-err>
</testsuite>
