<?xml version="1.0" encoding="UTF-8"?>
<testsuite name="rodCutting.LowerCaseConverterTest" tests="4" skipped="0" failures="0" errors="0" timestamp="2016-10-29T04:19:19" hostname="Anudeep" time="0.008">
  <properties/>
  <testcase name="writeOnceAndCheckLowerCaseConverter" classname="rodCutting.LowerCaseConverterTest" time="0.001"/>
  <testcase name="writeTwiceAndCheckLowerCaseConverter" classname="rodCutting.LowerCaseConverterTest" time="0.001"/>
  <testcase name="callStupidRemoverCloseAndCheckLowerCaseConverter" classname="rodCutting.LowerCaseConverterTest" time="0.003"/>
  <testcase name="callCloseAndCheckLowerCaseConverter" classname="rodCutting.LowerCaseConverterTest" time="0.0"/>
  <system-out><![CDATA[]]></system-out>
  <system-err><![CDATA[]]></system-err>
</testsuite>
