<?xml version="1.0" encoding="UTF-8"?>
<testsuite name="rodCutting.FileWriterTest" tests="3" skipped="0" failures="0" errors="0" timestamp="2016-10-29T04:19:19" hostname="Anudeep" time="0.01">
  <properties/>
  <testcase name="verifyClose" classname="rodCutting.FileWriterTest" time="0.002"/>
  <testcase name="callWriteOnceWhenFileExists" classname="rodCutting.FileWriterTest" time="0.003"/>
  <testcase name="callWriteTwice" classname="rodCutting.FileWriterTest" time="0.003"/>
  <system-out><![CDATA[]]></system-out>
  <system-err><![CDATA[]]></system-err>
</testsuite>
