<?xml version="1.0" encoding="UTF-8"?>
<testsuite name="rodCutting.StupidRemoverTest" tests="2" skipped="0" failures="0" errors="0" timestamp="2016-10-29T04:19:19" hostname="Anudeep" time="0.001">
  <properties/>
  <testcase name="callStupidRemoverClose" classname="rodCutting.StupidRemoverTest" time="0.0"/>
  <testcase name="testStupidRemover" classname="rodCutting.StupidRemoverTest" time="0.0"/>
  <system-out><![CDATA[]]></system-out>
  <system-err><![CDATA[]]></system-err>
</testsuite>
